<?xml version="1.0" encoding="UTF-8"?>
<testng-results skipped="0" failed="0" ignored="0" total="1" passed="1">
  <reporter-output>
  </reporter-output>
  <suite name="Suite" duration-ms="22828" started-at="2021-09-03T11:14:34 IST" finished-at="2021-09-03T11:14:57 IST">
    <groups>
    </groups>
    <test name="Test" duration-ms="22828" started-at="2021-09-03T11:14:34 IST" finished-at="2021-09-03T11:14:57 IST">
      <class name="com.orghrm.qa.pageTests.HomeTest">
        <test-method status="PASS" signature="setUp()[pri:0, instance:com.orghrm.qa.pageTests.HomeTest@2a556333]" name="setUp" is-config="true" duration-ms="11403" started-at="2021-09-03T11:14:34 IST" finished-at="2021-09-03T11:14:46 IST">
          <reporter-output>
          </reporter-output>
        </test-method> <!-- setUp -->
        <test-method status="PASS" signature="LogOut()[pri:0, instance:com.orghrm.qa.pageTests.HomeTest@2a556333]" name="LogOut" duration-ms="7825" started-at="2021-09-03T11:14:46 IST" finished-at="2021-09-03T11:14:54 IST">
          <reporter-output>
          </reporter-output>
        </test-method> <!-- LogOut -->
        <test-method status="PASS" signature="tearDown()[pri:0, instance:com.orghrm.qa.pageTests.HomeTest@2a556333]" name="tearDown" is-config="true" duration-ms="3491" started-at="2021-09-03T11:14:54 IST" finished-at="2021-09-03T11:14:57 IST">
          <reporter-output>
          </reporter-output>
        </test-method> <!-- tearDown -->
      </class> <!-- com.orghrm.qa.pageTests.HomeTest -->
    </test> <!-- Test -->
  </suite> <!-- Suite -->
</testng-results>
