<?xml version="1.0" encoding="UTF-8"?>
<!-- Generated by org.testng.reporters.JUnitXMLReporter -->
<testsuite hostname="DESKTOP-Q4NAHNC" ignored="0" name="Test" tests="2" failures="1" timestamp="2021-09-03T11:10:06 IST" time="40.204" errors="0">
  <testcase name="verifyLogin" time="8.923" classname="com.orghrm.qa.pageTests.LoginTest">
    <failure type="java.lang.AssertionError" message="The following asserts failed:
	expected [dashbard] but found [Dashboard]">
      <![CDATA[java.lang.AssertionError: The following asserts failed:
expected [dashbard] but found [Dashboard]
at com.orghrm.qa.pageTests.LoginTest.verifyLogin(LoginTest.java:23)
at java.util.ArrayList.forEach(ArrayList.java:1259)
... Removed 29 stack frames]]>
    </failure>
  </testcase> <!-- verifyLogin -->
  <testcase name="LogOut" time="7.558" classname="com.orghrm.qa.pageTests.HomeTest"/>
</testsuite> <!-- Test -->
